<?xml version="1.0" encoding="UTF-8"?>
<!-- Generated by org.testng.reporters.JUnitReportReporter -->
<testsuite hostname="DESKTOP-AD1H9CQ" failures="0" tests="9" name="com.TestNG.TestNG_Attributes" time="52.070" errors="0" timestamp="2023-01-16T10:26:17 IST" skipped="1">
  <testcase classname="com.TestNG.TestNG_Attributes" name="hotel_Hervey_London" time="6.817"/>
  <system-out/>
  <testcase classname="com.TestNG.TestNG_Attributes" name="hotel_Creek" time="5.978"/>
  <system-out/>
  <testcase classname="com.TestNG.TestNG_Attributes" name="brisbane" time="6.530"/>
  <system-out/>
  <testcase classname="com.TestNG.TestNG_Attributes" name="hotel_Cornice" time="6.363"/>
  <system-out/>
  <testcase classname="com.TestNG.TestNG_Attributes" name="melbourne" time="6.295"/>
  <system-out/>
  <testcase classname="com.TestNG.TestNG_Attributes" name="new_York" time="6.968"/>
  <system-out/>
  <testcase classname="com.TestNG.TestNG_Attributes" name="los_Angeles" time="6.502"/>
  <system-out/>
  <testcase classname="com.TestNG.TestNG_Attributes" name="paris" time="6.617"/>
  <system-out/>
  <testcase classname="com.TestNG.TestNG_Attributes" name="hotel_Sunshine">
    <skipped/>
  </testcase> <!-- hotel_Sunshine -->
  <system-out/>
</testsuite> <!-- com.TestNG.TestNG_Attributes -->
