<?xml version="1.0" encoding="UTF-8"?>
<!-- Generated by org.testng.reporters.JUnitReportReporter -->
<testsuite hostname="DESKTOP-AD1H9CQ" failures="0" tests="1" name="com.TestNG.Simple_Anotations" time="4.387" errors="0" timestamp="2023-01-09T12:12:53 IST" skipped="0">
  <testcase classname="com.TestNG.Simple_Anotations" name="search_Hotel" time="4.387"/>
  <system-out/>
</testsuite> <!-- com.TestNG.Simple_Anotations -->
